SF:lib/core/database/database.g.dart
DA:10,3
DA:13,6
DA:14,3
DA:17,0
DA:21,6
DA:22,3
DA:24,3
DA:27,3
DA:28,9
DA:29,3
DA:30,6
DA:31,3
DA:34,2
DA:37,2
DA:38,2
DA:39,2
DA:40,8
DA:42,2
DA:43,2
DA:44,6
DA:46,0
DA:51,3
DA:52,3
DA:53,1
DA:55,1
DA:56,1
DA:57,2
DA:58,3
DA:59,2
DA:60,3
DA:64,0
DA:66,0
DA:73,1
DA:74,0
DA:76,0
DA:77,0
DA:78,0
DA:82,1
DA:83,1
DA:84,2
DA:85,2
DA:89,0
DA:91,0
DA:92,0
DA:93,0
DA:94,0
DA:97,0
DA:99,0
DA:100,0
DA:101,0
DA:102,0
DA:106,0
DA:107,0
DA:108,0
DA:110,0
DA:111,0
DA:112,0
DA:113,0
DA:117,0
DA:119,0
DA:120,0
DA:121,0
DA:122,0
DA:123,0
DA:126,0
DA:127,0
DA:128,1
DA:131,1
DA:132,3
DA:133,3
DA:140,2
DA:145,0
DA:149,0
DA:150,0
DA:155,0
DA:156,0
DA:157,0
DA:158,0
DA:162,0
DA:164,0
DA:165,0
DA:166,0
DA:167,0
DA:171,2
DA:173,2
DA:174,4
DA:175,8
DA:177,4
DA:178,8
DA:180,4
DA:181,0
DA:186,0
DA:188,0
DA:189,0
DA:190,0
DA:191,0
DA:192,0
DA:193,0
DA:202,3
DA:205,6
DA:206,3
DA:209,0
DA:213,6
DA:214,3
DA:218,3
DA:222,6
DA:223,3
DA:228,6
DA:229,3
DA:234,3
DA:235,6
DA:237,6
DA:241,6
DA:242,3
DA:246,3
DA:251,6
DA:252,3
DA:256,3
DA:262,6
DA:263,3
DA:265,3
DA:266,3
DA:270,6
DA:271,3
DA:276,6
DA:277,3
DA:281,3
DA:282,3
DA:283,3
DA:284,3
DA:285,3
DA:286,3
DA:287,3
DA:288,3
DA:289,3
DA:290,3
DA:291,3
DA:292,3
DA:294,3
DA:295,6
DA:296,3
DA:299,2
DA:302,2
DA:303,2
DA:304,2
DA:305,8
DA:307,2
DA:308,2
DA:309,6
DA:311,0
DA:313,2
DA:314,2
DA:316,4
DA:317,2
DA:319,0
DA:321,2
DA:322,2
DA:324,4
DA:325,2
DA:327,0
DA:329,2
DA:330,2
DA:331,2
DA:332,6
DA:334,2
DA:335,2
DA:336,6
DA:338,2
DA:339,2
DA:340,2
DA:342,4
DA:343,2
DA:345,2
DA:346,2
DA:348,4
DA:349,2
DA:354,3
DA:355,3
DA:356,1
DA:358,1
DA:359,1
DA:360,2
DA:361,3
DA:362,2
DA:363,3
DA:364,2
DA:365,3
DA:366,3
DA:367,2
DA:368,3
DA:369,1
DA:370,3
DA:371,2
DA:372,3
DA:373,2
DA:374,3
DA:375,2
DA:376,3
DA:377,2
DA:378,2
DA:379,3
DA:380,2
DA:381,3
DA:385,0
DA:387,0
DA:390,6
DA:391,3
DA:392,6
DA:393,3
DA:395,6
DA:396,6
DA:410,1
DA:421,0
DA:423,0
DA:424,0
DA:425,0
DA:426,0
DA:427,0
DA:429,0
DA:430,0
DA:432,0
DA:433,0
DA:434,0
DA:435,0
DA:436,0
DA:437,0
DA:439,0
DA:440,0
DA:442,0
DA:446,1
DA:447,1
DA:448,2
DA:449,2
DA:450,2
DA:451,2
DA:452,2
DA:453,2
DA:454,2
DA:455,1
DA:457,2
DA:458,1
DA:460,2
DA:461,2
DA:465,0
DA:467,0
DA:468,0
DA:469,0
DA:470,0
DA:471,0
DA:472,0
DA:473,0
DA:474,0
DA:475,0
DA:476,0
DA:477,0
DA:478,0
DA:479,0
DA:480,0
DA:483,0
DA:485,0
DA:486,0
DA:487,0
DA:488,0
DA:489,0
DA:490,0
DA:492,0
DA:493,0
DA:494,0
DA:495,0
DA:496,0
DA:497,0
DA:498,0
DA:499,0
DA:503,1
DA:514,1
DA:515,1
DA:516,1
DA:517,1
DA:518,1
DA:519,1
DA:520,1
DA:521,1
DA:522,1
DA:523,0
DA:524,1
DA:526,2
DA:527,1
DA:529,0
DA:530,0
DA:531,0
DA:532,0
DA:533,0
DA:534,0
DA:535,0
DA:536,0
DA:537,0
DA:538,0
DA:539,0
DA:540,0
DA:541,0
DA:542,0
DA:543,0
DA:544,0
DA:545,0
DA:546,0
DA:547,0
DA:548,0
DA:549,0
DA:550,0
DA:554,0
DA:556,0
DA:557,0
DA:558,0
DA:559,0
DA:560,0
DA:561,0
DA:562,0
DA:563,0
DA:564,0
DA:565,0
DA:566,0
DA:567,0
DA:568,0
DA:571,0
DA:572,0
DA:573,0
DA:574,0
DA:575,0
DA:576,0
DA:577,0
DA:578,0
DA:579,0
DA:580,0
DA:581,0
DA:582,0
DA:583,1
DA:586,1
DA:587,3
DA:588,3
DA:589,3
DA:590,3
DA:591,3
DA:592,3
DA:593,3
DA:594,3
DA:595,3
DA:596,3
DA:611,2
DA:624,0
DA:636,0
DA:637,0
DA:638,0
DA:639,0
DA:640,0
DA:653,0
DA:654,0
DA:655,0
DA:656,0
DA:657,0
DA:658,0
DA:659,0
DA:660,0
DA:661,0
DA:662,0
DA:663,0
DA:664,0
DA:668,0
DA:680,0
DA:681,0
DA:682,0
DA:683,0
DA:684,0
DA:685,0
DA:686,0
DA:687,0
DA:688,0
DA:689,0
DA:690,0
DA:691,0
DA:695,2
DA:697,2
DA:698,4
DA:699,8
DA:701,4
DA:702,8
DA:704,4
DA:705,8
DA:707,4
DA:708,8
DA:710,4
DA:711,4
DA:712,8
DA:714,4
DA:715,8
DA:717,4
DA:718,8
DA:720,4
DA:721,4
DA:722,2
DA:723,6
DA:725,4
DA:726,8
DA:728,4
DA:729,8
DA:731,4
DA:732,0
DA:737,0
DA:739,0
DA:740,0
DA:741,0
DA:742,0
DA:743,0
DA:744,0
DA:745,0
DA:746,0
DA:747,0
DA:748,0
DA:749,0
DA:750,0
DA:751,0
DA:752,0
DA:760,3
DA:763,6
DA:764,3
DA:767,0
DA:770,6
DA:771,3
DA:773,3
DA:778,6
DA:779,3
DA:781,3
DA:787,6
DA:788,3
DA:792,6
DA:793,3
DA:797,6
DA:798,3
DA:800,3
DA:802,21
DA:803,3
DA:804,6
DA:805,3
DA:808,2
DA:811,2
DA:812,2
DA:813,2
DA:814,8
DA:816,2
DA:817,2
DA:818,6
DA:820,0
DA:822,2
DA:823,2
DA:824,6
DA:826,0
DA:828,2
DA:829,2
DA:830,6
DA:832,0
DA:834,2
DA:835,2
DA:836,6
DA:838,0
DA:840,2
DA:841,2
DA:842,6
DA:844,0
DA:849,3
DA:850,3
DA:851,0
DA:853,0
DA:854,0
DA:855,0
DA:856,0
DA:857,0
DA:858,0
DA:859,0
DA:860,0
DA:861,0
DA:862,0
DA:863,0
DA:864,0
DA:865,0
DA:866,0
DA:870,0
DA:872,0
DA:883,0
DA:890,0
DA:892,0
DA:893,0
DA:894,0
DA:895,0
DA:896,0
DA:897,0
DA:898,0
DA:902,0
DA:903,0
DA:904,0
DA:905,0
DA:906,0
DA:907,0
DA:908,0
DA:909,0
DA:913,0
DA:915,0
DA:916,0
DA:917,0
DA:918,0
DA:919,0
DA:920,0
DA:921,0
DA:922,0
DA:925,0
DA:927,0
DA:928,0
DA:929,0
DA:930,0
DA:931,0
DA:932,0
DA:933,0
DA:934,0
DA:938,0
DA:945,0
DA:946,0
DA:947,0
DA:948,0
DA:949,0
DA:950,0
DA:951,0
DA:953,0
DA:954,0
DA:955,0
DA:956,0
DA:957,0
DA:958,0
DA:959,0
DA:960,0
DA:964,0
DA:966,0
DA:967,0
DA:968,0
DA:969,0
DA:970,0
DA:971,0
DA:972,0
DA:973,0
DA:974,0
DA:977,0
DA:978,0
DA:979,0
DA:982,0
DA:983,0
DA:984,0
DA:985,0
DA:986,0
DA:987,0
DA:988,0
DA:999,2
DA:1008,0
DA:1016,0
DA:1017,0
DA:1018,0
DA:1019,0
DA:1020,0
DA:1021,0
DA:1030,0
DA:1031,0
DA:1032,0
DA:1033,0
DA:1034,0
DA:1035,0
DA:1036,0
DA:1037,0
DA:1041,0
DA:1049,0
DA:1050,0
DA:1051,0
DA:1052,0
DA:1053,0
DA:1054,0
DA:1055,0
DA:1056,0
DA:1060,2
DA:1062,2
DA:1063,4
DA:1064,8
DA:1066,4
DA:1067,8
DA:1069,4
DA:1070,8
DA:1072,4
DA:1073,8
DA:1075,4
DA:1076,8
DA:1078,4
DA:1079,8
DA:1081,4
DA:1082,0
DA:1087,0
DA:1089,0
DA:1090,0
DA:1091,0
DA:1092,0
DA:1093,0
DA:1094,0
DA:1095,0
DA:1096,0
DA:1097,0
DA:1098,0
DA:1107,3
DA:1110,6
DA:1111,3
DA:1114,0
DA:1118,6
DA:1119,3
DA:1123,3
DA:1127,6
DA:1128,3
DA:1130,3
DA:1136,6
DA:1137,3
DA:1142,3
DA:1143,6
DA:1146,3
DA:1148,3
DA:1150,18
DA:1151,3
DA:1152,6
DA:1153,3
DA:1156,0
DA:1160,0
DA:1161,0
DA:1162,0
DA:1163,0
DA:1165,0
DA:1166,0
DA:1168,0
DA:1169,0
DA:1171,0
DA:1173,0
DA:1174,0
DA:1176,0
DA:1177,0
DA:1179,0
DA:1181,0
DA:1182,0
DA:1184,0
DA:1185,0
DA:1187,0
DA:1189,0
DA:1190,0
DA:1192,0
DA:1193,0
DA:1198,3
DA:1199,3
DA:1200,0
DA:1202,0
DA:1203,0
DA:1204,0
DA:1205,0
DA:1206,0
DA:1207,0
DA:1208,0
DA:1209,0
DA:1210,0
DA:1211,0
DA:1212,0
DA:1213,0
DA:1217,0
DA:1219,0
DA:1230,0
DA:1236,0
DA:1238,0
DA:1239,0
DA:1240,0
DA:1241,0
DA:1242,0
DA:1243,0
DA:1244,0
DA:1249,0
DA:1250,0
DA:1251,0
DA:1252,0
DA:1253,0
DA:1254,0
DA:1255,0
DA:1257,0
DA:1261,0
DA:1263,0
DA:1264,0
DA:1265,0
DA:1266,0
DA:1267,0
DA:1268,0
DA:1270,0
DA:1273,0
DA:1275,0
DA:1276,0
DA:1277,0
DA:1278,0
DA:1279,0
DA:1280,0
DA:1281,0
DA:1285,0
DA:1291,0
DA:1292,0
DA:1293,0
DA:1294,0
DA:1295,0
DA:1296,0
DA:1297,0
DA:1298,0
DA:1300,0
DA:1301,0
DA:1302,0
DA:1304,0
DA:1305,0
DA:1306,0
DA:1307,0
DA:1308,0
DA:1309,0
DA:1310,0
DA:1311,0
DA:1312,0
DA:1313,0
DA:1317,0
DA:1319,0
DA:1320,0
DA:1321,0
DA:1322,0
DA:1323,0
DA:1324,0
DA:1325,0
DA:1326,0
DA:1329,0
DA:1330,0
DA:1331,0
DA:1332,0
DA:1335,0
DA:1336,0
DA:1337,0
DA:1338,0
DA:1339,0
DA:1340,0
DA:1351,0
DA:1359,0
DA:1366,0
DA:1367,0
DA:1368,0
DA:1369,0
DA:1377,0
DA:1378,0
DA:1379,0
DA:1380,0
DA:1381,0
DA:1382,0
DA:1383,0
DA:1387,0
DA:1394,0
DA:1395,0
DA:1396,0
DA:1397,0
DA:1398,0
DA:1399,0
DA:1400,0
DA:1404,0
DA:1406,0
DA:1407,0
DA:1408,0
DA:1410,0
DA:1411,0
DA:1413,0
DA:1414,0
DA:1416,0
DA:1417,0
DA:1419,0
DA:1420,0
DA:1422,0
DA:1423,0
DA:1428,0
DA:1430,0
DA:1431,0
DA:1432,0
DA:1433,0
DA:1434,0
DA:1435,0
DA:1436,0
DA:1437,0
DA:1438,0
DA:1447,3
DA:1450,6
DA:1451,3
DA:1454,0
DA:1457,6
DA:1458,3
DA:1462,3
DA:1466,6
DA:1467,3
DA:1469,3
DA:1475,6
DA:1476,3
DA:1481,3
DA:1482,6
DA:1485,3
DA:1487,3
DA:1489,18
DA:1490,3
DA:1491,6
DA:1492,3
DA:1495,2
DA:1498,2
DA:1499,2
DA:1500,2
DA:1501,8
DA:1503,2
DA:1504,2
DA:1505,6
DA:1507,0
DA:1509,2
DA:1510,2
DA:1512,4
DA:1513,2
DA:1515,0
DA:1517,2
DA:1518,2
DA:1520,4
DA:1521,2
DA:1523,0
DA:1525,2
DA:1526,2
DA:1528,4
DA:1529,2
DA:1534,3
DA:1535,3
DA:1536,2
DA:1538,0
DA:1539,2
DA:1540,4
DA:1541,6
DA:1542,4
DA:1543,6
DA:1544,6
DA:1545,4
DA:1546,4
DA:1547,6
DA:1548,6
DA:1549,4
DA:1553,0
DA:1555,0
DA:1565,2
DA:1571,0
DA:1573,0
DA:1574,0
DA:1575,0
DA:1576,0
DA:1577,0
DA:1578,0
DA:1579,0
DA:1584,2
DA:1585,2
DA:1586,4
DA:1587,4
DA:1588,4
DA:1589,4
DA:1590,2
DA:1592,4
DA:1596,0
DA:1598,0
DA:1599,0
DA:1600,0
DA:1601,0
DA:1602,0
DA:1603,0
DA:1605,0
DA:1608,0
DA:1610,0
DA:1611,0
DA:1612,0
DA:1613,0
DA:1614,0
DA:1615,0
DA:1616,0
DA:1620,0
DA:1626,0
DA:1627,0
DA:1628,0
DA:1629,0
DA:1630,0
DA:1631,0
DA:1632,0
DA:1633,0
DA:1635,0
DA:1636,0
DA:1637,0
DA:1638,0
DA:1639,0
DA:1640,0
DA:1641,0
DA:1642,0
DA:1643,0
DA:1644,0
DA:1645,0
DA:1646,0
DA:1647,0
DA:1651,0
DA:1653,0
DA:1654,0
DA:1655,0
DA:1656,0
DA:1657,0
DA:1658,0
DA:1659,0
DA:1660,0
DA:1663,0
DA:1664,0
DA:1665,0
DA:1666,0
DA:1669,0
DA:1670,0
DA:1671,0
DA:1672,0
DA:1673,0
DA:1674,0
DA:1684,2
DA:1692,0
DA:1699,0
DA:1700,0
DA:1701,0
DA:1702,0
DA:1710,0
DA:1711,0
DA:1712,0
DA:1713,0
DA:1714,0
DA:1715,0
DA:1716,0
DA:1720,0
DA:1727,0
DA:1728,0
DA:1729,0
DA:1730,0
DA:1731,0
DA:1732,0
DA:1733,0
DA:1737,2
DA:1739,2
DA:1740,4
DA:1741,8
DA:1743,4
DA:1744,8
DA:1746,4
DA:1747,8
DA:1749,4
DA:1750,8
DA:1752,4
DA:1753,8
DA:1755,4
DA:1756,0
DA:1761,0
DA:1763,0
DA:1764,0
DA:1765,0
DA:1766,0
DA:1767,0
DA:1768,0
DA:1769,0
DA:1770,0
DA:1771,0
DA:1776,8
DA:1777,0
DA:1778,6
DA:1779,6
DA:1780,6
DA:1781,3
DA:1782,3
DA:1783,3
DA:1784,3
DA:1786,2
DA:1792,0
DA:1794,0
DA:1795,3
DA:1797,18
DA:1813,0
DA:1815,0
DA:1816,0
DA:1817,0
DA:1818,0
DA:1820,0
DA:1821,0
DA:1822,0
DA:1824,0
DA:1825,0
DA:1826,0
DA:1832,0
DA:1839,0
DA:1840,0
DA:1842,0
DA:1843,0
DA:1845,0
DA:1847,0
DA:1849,0
DA:1850,0
DA:1851,0
DA:1852,0
DA:1855,0
DA:1856,0
DA:1857,0
DA:1863,0
DA:1869,0
DA:1876,0
DA:1877,0
DA:1879,0
DA:1880,0
DA:1885,0
DA:1892,0
DA:1893,0
DA:1895,0
DA:1896,0
DA:1898,0
DA:1900,0
DA:1902,0
DA:1903,0
DA:1904,0
DA:1905,0
DA:1908,0
DA:1909,0
DA:1910,0
DA:1916,0
DA:1932,0
DA:1933,0
DA:1936,0
DA:1937,0
DA:1938,0
DA:1939,0
DA:1940,0
DA:1941,0
DA:1942,0
DA:1947,0
DA:1952,0
DA:1957,0
DA:1962,0
DA:1963,0
DA:1964,0
DA:1965,0
DA:1966,0
DA:1967,0
DA:1969,0
DA:1971,0
DA:1972,0
DA:1974,0
DA:1977,0
DA:1978,0
DA:1979,0
DA:1980,0
DA:1981,0
DA:1983,0
DA:2033,0
DA:2035,0
DA:2036,0
DA:2038,0
DA:2039,0
DA:2041,0
DA:2042,0
DA:2043,0
DA:2045,0
DA:2046,0
DA:2049,0
DA:2052,0
DA:2053,0
DA:2054,0
DA:2056,0
DA:2058,0
DA:2059,0
DA:2060,0
DA:2063,0
DA:2064,0
DA:2065,0
DA:2071,0
DA:2078,0
DA:2079,0
DA:2081,0
DA:2082,0
DA:2084,0
DA:2085,0
DA:2087,0
DA:2088,0
DA:2089,0
DA:2090,0
DA:2092,0
DA:2093,0
DA:2095,0
DA:2096,0
DA:2098,0
DA:2099,0
DA:2100,0
DA:2101,0
DA:2103,0
DA:2104,0
DA:2106,0
DA:2107,0
DA:2109,0
DA:2110,0
DA:2112,0
DA:2113,0
DA:2114,0
DA:2115,0
DA:2118,0
DA:2119,0
DA:2120,0
DA:2129,0
DA:2132,0
DA:2134,0
DA:2135,0
DA:2136,0
DA:2137,0
DA:2140,0
DA:2141,0
DA:2142,0
DA:2148,0
DA:2154,0
DA:2161,0
DA:2162,0
DA:2164,0
DA:2165,0
DA:2166,0
DA:2168,0
DA:2169,0
DA:2170,0
DA:2172,0
DA:2173,0
DA:2175,0
DA:2176,0
DA:2178,0
DA:2179,0
DA:2181,0
DA:2182,0
DA:2183,0
DA:2185,0
DA:2186,0
DA:2187,0
DA:2189,0
DA:2190,0
DA:2191,0
DA:2193,0
DA:2194,0
DA:2196,0
DA:2197,0
DA:2198,0
DA:2199,0
DA:2202,0
DA:2203,0
DA:2204,0
DA:2216,0
DA:2223,0
DA:2224,0
DA:2226,0
DA:2227,0
DA:2229,0
DA:2230,0
DA:2232,0
DA:2233,0
DA:2235,0
DA:2236,0
DA:2238,0
DA:2239,0
DA:2241,0
DA:2242,0
DA:2243,0
DA:2245,0
DA:2246,0
DA:2248,0
DA:2249,0
DA:2251,0
DA:2252,0
DA:2254,0
DA:2255,0
DA:2256,0
DA:2257,0
DA:2260,0
DA:2261,0
DA:2262,0
DA:2271,0
DA:2275,0
DA:2277,0
DA:2278,0
DA:2279,0
DA:2280,0
DA:2283,0
DA:2284,0
DA:2285,0
DA:2291,0
DA:2307,0
DA:2308,0
DA:2311,0
DA:2312,0
DA:2313,0
DA:2314,0
DA:2315,0
DA:2316,0
DA:2317,0
DA:2330,0
DA:2343,0
DA:2356,0
DA:2369,0
DA:2370,0
DA:2371,0
DA:2372,0
DA:2374,0
DA:2375,0
DA:2377,0
DA:2379,0
DA:2380,0
DA:2394,0
DA:2396,0
DA:2398,0
DA:2400,0
DA:2402,0
DA:2408,0
DA:2409,0
DA:2411,0
DA:2415,0
DA:2416,0
DA:2417,0
DA:2418,0
DA:2420,0
DA:2421,0
DA:2463,0
DA:2465,0
DA:2467,0
DA:2468,0
DA:2469,0
DA:2471,0
DA:2473,0
DA:2474,0
DA:2477,0
DA:2478,0
DA:2479,0
DA:2484,0
DA:2491,0
DA:2492,0
DA:2494,0
DA:2495,0
DA:2497,0
DA:2498,0
DA:2500,0
DA:2501,0
DA:2503,0
DA:2504,0
DA:2506,0
DA:2507,0
DA:2509,0
DA:2511,0
DA:2513,0
DA:2514,0
DA:2515,0
DA:2516,0
DA:2519,0
DA:2520,0
DA:2521,0
DA:2527,0
DA:2533,0
DA:2540,0
DA:2541,0
DA:2543,0
DA:2544,0
DA:2546,0
DA:2547,0
DA:2549,0
DA:2550,0
DA:2552,0
DA:2553,0
DA:2555,0
DA:2556,0
DA:2561,0
DA:2568,0
DA:2569,0
DA:2571,0
DA:2572,0
DA:2574,0
DA:2575,0
DA:2577,0
DA:2578,0
DA:2580,0
DA:2581,0
DA:2583,0
DA:2584,0
DA:2586,0
DA:2588,0
DA:2590,0
DA:2591,0
DA:2592,0
DA:2593,0
DA:2596,0
DA:2597,0
DA:2598,0
DA:2604,0
DA:2620,0
DA:2621,0
DA:2624,0
DA:2625,0
DA:2626,0
DA:2627,0
DA:2628,0
DA:2629,0
DA:2630,0
DA:2639,0
DA:2648,0
DA:2657,0
DA:2666,0
DA:2667,0
DA:2668,0
DA:2669,0
DA:2670,0
DA:2671,0
DA:2673,0
DA:2674,0
DA:2677,0
DA:2678,0
DA:2680,0
DA:2684,0
DA:2685,0
DA:2686,0
DA:2687,0
DA:2688,0
DA:2690,0
DA:2732,0
DA:2735,0
DA:2736,0
DA:2737,0
DA:2739,0
DA:2740,0
DA:2742,0
DA:2743,0
DA:2744,0
DA:2746,0
DA:2747,0
DA:2750,0
DA:2751,0
DA:2752,0
DA:2753,0
DA:2755,0
DA:2756,0
DA:2759,0
DA:2760,0
DA:2761,0
DA:2763,0
DA:2764,0
DA:2770,0
DA:2777,0
DA:2778,0
DA:2780,0
DA:2781,0
DA:2782,0
DA:2784,0
DA:2785,0
DA:2786,0
DA:2788,0
DA:2789,0
DA:2791,0
DA:2792,0
DA:2793,0
DA:2794,0
DA:2797,0
DA:2798,0
DA:2799,0
DA:2808,0
DA:2809,0
DA:2811,0
DA:2812,0
DA:2813,0
DA:2814,0
DA:2817,0
DA:2818,0
DA:2819,0
DA:2831,0
DA:2838,0
DA:2839,0
DA:2841,0
DA:2842,0
DA:2843,0
DA:2845,0
DA:2846,0
DA:2847,0
DA:2849,0
DA:2850,0
DA:2852,0
DA:2853,0
DA:2854,0
DA:2855,0
DA:2858,0
DA:2859,0
DA:2860,0
DA:2869,0
DA:2871,0
DA:2873,0
DA:2874,0
DA:2875,0
DA:2876,0
DA:2879,0
DA:2880,0
DA:2881,0
DA:2893,0
DA:2900,0
DA:2901,0
DA:2903,0
DA:2904,0
DA:2906,0
DA:2907,0
DA:2909,0
DA:2910,0
DA:2912,0
DA:2913,0
DA:2914,0
DA:2915,0
DA:2918,0
DA:2919,0
DA:2920,0
DA:2929,0
DA:2931,0
DA:2933,0
DA:2934,0
DA:2935,0
DA:2936,0
DA:2939,0
DA:2940,0
DA:2941,0
DA:2963,0
DA:2965,0
DA:2968,0
DA:2969,0
DA:2970,0
DA:2971,0
DA:2973,0
DA:2974,0
DA:2976,0
DA:2984,0
DA:2992,0
DA:3000,0
DA:3008,0
DA:3009,0
DA:3010,0
DA:3011,0
DA:3013,0
DA:3014,0
DA:3016,0
DA:3018,0
DA:3031,0
DA:3033,0
DA:3035,0
DA:3037,0
DA:3039,0
DA:3040,0
DA:3044,0
DA:3046,0
DA:3048,0
DA:3050,0
DA:3051,0
DA:3057,0
DA:3058,0
DA:3099,0
DA:3102,0
DA:3103,0
DA:3105,0
DA:3106,0
DA:3108,0
DA:3109,0
DA:3110,0
DA:3112,0
DA:3113,0
DA:3116,0
DA:3117,0
DA:3118,0
DA:3120,0
DA:3121,0
DA:3124,0
DA:3125,0
DA:3126,0
DA:3128,0
DA:3129,0
DA:3135,0
DA:3142,0
DA:3143,0
DA:3145,0
DA:3146,0
DA:3147,0
DA:3149,0
DA:3150,0
DA:3151,0
DA:3153,0
DA:3154,0
DA:3156,0
DA:3157,0
DA:3158,0
DA:3159,0
DA:3162,0
DA:3163,0
DA:3164,0
DA:3173,0
DA:3174,0
DA:3176,0
DA:3177,0
DA:3178,0
DA:3179,0
DA:3182,0
DA:3183,0
DA:3184,0
DA:3196,0
DA:3203,0
DA:3204,0
DA:3206,0
DA:3207,0
DA:3208,0
DA:3210,0
DA:3211,0
DA:3212,0
DA:3214,0
DA:3215,0
DA:3217,0
DA:3218,0
DA:3219,0
DA:3220,0
DA:3223,0
DA:3224,0
DA:3225,0
DA:3234,0
DA:3235,0
DA:3237,0
DA:3238,0
DA:3239,0
DA:3240,0
DA:3243,0
DA:3244,0
DA:3245,0
DA:3257,0
DA:3264,0
DA:3265,0
DA:3267,0
DA:3268,0
DA:3270,0
DA:3271,0
DA:3273,0
DA:3274,0
DA:3276,0
DA:3277,0
DA:3278,0
DA:3279,0
DA:3282,0
DA:3283,0
DA:3284,0
DA:3293,0
DA:3294,0
DA:3296,0
DA:3297,0
DA:3298,0
DA:3299,0
DA:3302,0
DA:3303,0
DA:3304,0
DA:3326,0
DA:3328,0
DA:3331,0
DA:3332,0
DA:3333,0
DA:3334,0
DA:3335,0
DA:3336,0
DA:3337,0
DA:3345,0
DA:3353,0
DA:3361,0
DA:3369,0
DA:3370,0
DA:3371,0
DA:3372,0
DA:3374,0
DA:3375,0
DA:3376,0
DA:3378,0
DA:3391,0
DA:3393,0
DA:3395,0
DA:3397,0
DA:3399,0
DA:3403,0
DA:3405,0
DA:3407,0
DA:3409,0
DA:3410,0
DA:3416,0
DA:3417,0
DA:3439,0
DA:3440,0
DA:3441,0
DA:3442,0
DA:3443,0
DA:3444,0
DA:3445,0
DA:3446,0
DA:3447,0
DA:3448,0
DA:3449,0
LF:1601
LH:385
end_of_record
SF:lib/core/database/database.dart
DA:35,3
DA:37,3
DA:39,3
DA:42,3
DA:43,3
DA:44,3
DA:45,3
DA:47,0
DA:48,0
DA:49,0
DA:50,0
DA:53,3
DA:54,3
DA:58,1
DA:59,1
DA:61,1
DA:62,1
DA:63,1
LF:18
LH:14
end_of_record
SF:lib/core/database/riverpod.g.dart
DA:9,1
DA:13,3
LF:2
LH:2
end_of_record
SF:lib/core/database/riverpod.dart
DA:7,1
DA:9,1
LF:2
LH:2
end_of_record
SF:lib/core/utils/json_converters/duration_json_converters.dart
DA:5,3
DA:7,1
DA:9,1
DA:12,2
DA:14,2
LF:5
LH:5
end_of_record
SF:lib/data/daos/place_dao.g.dart
DA:7,0
LF:1
LH:0
end_of_record
SF:lib/data/daos/place_dao.dart
DA:11,2
DA:13,1
DA:14,4
DA:15,1
DA:19,0
DA:20,0
DA:21,0
LF:7
LH:4
end_of_record
SF:lib/data/daos/preparation_schedule_dao.g.dart
DA:7,0
DA:8,0
DA:9,0
DA:10,0
DA:11,0
LF:5
LH:0
end_of_record
SF:lib/data/daos/preparation_schedule_dao.dart
DA:20,0
DA:22,0
DA:26,0
DA:28,0
DA:29,0
DA:34,0
DA:35,0
DA:36,0
DA:37,0
DA:38,0
DA:43,0
DA:47,0
DA:49,0
DA:50,0
DA:51,0
DA:53,0
DA:54,0
DA:57,0
DA:58,0
DA:59,0
DA:62,0
DA:66,0
DA:67,0
DA:68,0
DA:69,0
DA:70,0
DA:71,0
DA:74,0
DA:75,0
DA:79,0
DA:82,0
DA:84,0
DA:85,0
DA:86,0
DA:89,0
DA:92,0
DA:93,0
DA:94,0
DA:95,0
DA:96,0
DA:100,0
DA:102,0
DA:103,0
DA:104,0
DA:105,0
DA:106,0
DA:107,0
DA:108,0
DA:113,0
DA:116,0
DA:117,0
DA:118,0
DA:121,0
DA:122,0
DA:123,0
DA:124,0
DA:125,0
DA:130,0
DA:131,0
DA:132,0
DA:135,0
DA:136,0
LF:62
LH:0
end_of_record
SF:lib/data/daos/preparation_user_dao.g.dart
DA:7,0
DA:8,0
DA:9,0
LF:3
LH:0
end_of_record
SF:lib/data/daos/preparation_user_dao.dart
DA:17,4
DA:19,2
DA:23,4
DA:24,8
DA:25,4
DA:29,6
DA:30,8
DA:31,2
DA:32,6
DA:36,2
DA:40,2
DA:41,6
DA:42,8
DA:43,2
DA:45,2
DA:46,0
DA:49,2
DA:50,12
DA:51,0
DA:54,2
DA:58,2
DA:59,2
DA:60,2
DA:61,2
DA:62,4
DA:63,2
DA:66,2
DA:67,8
DA:71,2
DA:74,0
DA:76,0
DA:77,0
DA:78,0
DA:81,0
DA:84,0
DA:85,0
DA:86,0
DA:87,0
DA:88,0
DA:92,2
DA:94,6
DA:95,10
DA:96,2
DA:97,2
DA:98,4
DA:99,6
DA:104,2
DA:105,6
DA:106,8
DA:107,2
DA:109,6
DA:110,8
DA:111,2
DA:112,2
DA:113,4
DA:117,6
DA:118,8
DA:119,2
DA:121,4
LF:59
LH:47
end_of_record
SF:lib/data/daos/schedule_dao.g.dart
DA:7,0
DA:8,0
LF:2
LH:0
end_of_record
SF:lib/data/daos/schedule_dao.dart
DA:14,2
DA:16,1
DA:18,4
DA:19,4
DA:20,2
DA:23,1
DA:29,1
DA:30,3
DA:31,5
DA:32,1
DA:35,1
DA:37,5
DA:38,10
DA:40,5
DA:41,1
DA:42,1
DA:43,3
DA:44,3
DA:51,1
DA:52,3
DA:53,5
DA:54,2
DA:55,3
DA:56,1
DA:59,1
DA:61,5
DA:62,10
DA:64,6
DA:66,1
DA:67,4
DA:68,1
DA:69,1
DA:71,2
DA:72,2
DA:73,3
DA:74,3
DA:80,0
DA:81,0
DA:82,0
DA:84,0
DA:85,0
DA:87,0
DA:88,0
DA:89,0
DA:90,0
LF:45
LH:36
end_of_record
SF:lib/data/daos/user_dao.dart
DA:12,0
DA:14,0
DA:15,0
DA:16,0
DA:20,0
DA:21,0
DA:22,0
DA:24,0
DA:29,0
DA:30,0
DA:31,0
LF:11
LH:0
end_of_record
SF:lib/data/daos/user_dao.g.dart
DA:7,0
LF:1
LH:0
end_of_record
SF:lib/data/tables/places_table.dart
DA:5,0
DA:6,0
DA:8,0
DA:9,0
LF:4
LH:0
end_of_record
SF:lib/data/tables/preparation_schedule_table.dart
DA:6,0
DA:7,0
DA:8,0
DA:9,0
DA:10,0
DA:11,0
DA:13,0
DA:14,0
LF:8
LH:0
end_of_record
SF:lib/data/tables/preparation_user_table.dart
DA:6,0
DA:7,0
DA:8,0
DA:9,0
DA:10,0
DA:11,0
DA:13,0
DA:14,0
LF:8
LH:0
end_of_record
SF:lib/data/tables/schedules_table.dart
DA:7,0
DA:8,0
DA:9,0
DA:10,0
DA:11,0
DA:12,0
DA:13,0
DA:14,0
DA:15,0
DA:16,0
DA:17,0
DA:19,0
DA:20,0
LF:13
LH:0
end_of_record
SF:lib/data/tables/user_table.dart
DA:5,0
DA:6,0
DA:7,0
DA:8,0
DA:9,0
DA:10,0
DA:12,0
DA:13,0
LF:8
LH:0
end_of_record
SF:lib/domain/entities/preparation_step_entity.dart
DA:10,4
DA:17,2
DA:18,2
DA:19,2
DA:21,2
DA:22,4
DA:23,2
DA:27,0
DA:28,0
DA:29,0
DA:31,0
DA:32,0
DA:33,0
DA:37,0
DA:39,0
DA:42,2
DA:48,2
DA:49,2
DA:50,0
DA:51,0
DA:52,2
DA:56,0
DA:58,0
LF:23
LH:11
end_of_record
SF:lib/domain/entities/preparation_entity.dart
DA:7,4
DA:11,0
DA:12,0
DA:14,0
DA:18,0
DA:20,0
DA:23,0
DA:24,0
LF:8
LH:1
end_of_record
SF:lib/data/tables/schedule_with_place_model.dart
DA:5,1
DA:12,1
DA:13,3
DA:15,0
DA:17,0
LF:5
LH:3
end_of_record
SF:lib/domain/entities/user_entity.dart
DA:8,12
DA:21,0
DA:22,0
DA:23,0
DA:24,0
DA:25,0
DA:26,0
DA:27,0
DA:28,0
DA:32,0
DA:33,0
DA:34,0
DA:35,0
DA:36,0
DA:37,0
DA:38,0
DA:39,0
DA:40,0
DA:42,0
DA:43,0
LF:20
LH:1
end_of_record
SF:lib/core/constants/endpoint.dart
DA:11,0
DA:12,0
DA:13,0
DA:14,0
DA:15,0
DA:20,0
DA:21,0
DA:23,1
DA:24,0
DA:25,2
DA:26,0
DA:34,1
DA:36,1
DA:37,1
DA:39,1
DA:40,1
DA:42,1
DA:43,1
DA:45,0
DA:46,0
DA:48,0
DA:50,0
DA:53,0
LF:23
LH:9
end_of_record
SF:lib/data/data_sources/schedule_remote_data_source.dart
DA:29,1
DA:31,1
DA:35,1
DA:36,3
DA:37,1
DA:38,2
DA:41,1
DA:48,0
DA:52,0
DA:53,0
DA:54,0
DA:55,0
DA:58,0
DA:65,1
DA:68,4
DA:69,2
DA:72,1
DA:79,0
DA:82,0
DA:83,0
DA:84,0
DA:89,0
DA:92,0
DA:99,0
DA:102,0
DA:103,0
DA:105,0
DA:106,0
DA:108,0
DA:115,0
DA:120,0
DA:121,0
DA:122,0
DA:124,0
DA:125,0
DA:126,0
DA:127,0
DA:128,0
DA:131,0
LF:39
LH:11
end_of_record
SF:lib/data/models/create_schedule_request_model.dart
DA:19,1
DA:32,0
DA:33,0
DA:35,2
DA:37,1
DA:38,1
DA:39,1
DA:40,2
DA:41,2
DA:42,1
DA:43,1
DA:44,2
DA:45,1
DA:46,1
DA:47,2
DA:48,1
LF:16
LH:14
end_of_record
SF:lib/data/models/create_schedule_request_model.g.dart
DA:9,0
DA:11,0
DA:12,0
DA:13,0
DA:14,0
DA:15,0
DA:16,0
DA:17,0
DA:18,0
DA:19,0
DA:20,0
DA:21,0
DA:24,1
DA:26,1
DA:27,1
DA:28,1
DA:29,1
DA:30,1
DA:31,2
DA:32,1
DA:33,1
DA:34,1
DA:35,1
DA:36,1
LF:24
LH:12
end_of_record
SF:lib/data/models/update_schedule_request_model.dart
DA:18,1
DA:30,0
DA:31,0
DA:33,0
DA:35,1
DA:36,1
DA:37,1
DA:38,2
DA:39,2
DA:40,1
DA:41,1
DA:42,2
DA:43,2
DA:44,1
DA:45,1
LF:15
LH:12
end_of_record
SF:lib/data/models/update_schedule_request_model.g.dart
DA:9,0
DA:11,0
DA:12,0
DA:13,0
DA:14,0
DA:15,0
DA:16,0
DA:17,0
DA:18,0
DA:19,0
DA:20,0
DA:23,0
DA:25,0
DA:26,0
DA:27,0
DA:28,0
DA:29,0
DA:30,0
DA:31,0
DA:32,0
DA:33,0
DA:34,0
LF:22
LH:0
end_of_record
SF:lib/domain/entities/place_entity.dart
DA:7,2
DA:12,0
DA:13,0
DA:14,0
DA:15,0
DA:19,0
DA:20,0
DA:21,0
DA:22,0
LF:9
LH:1
end_of_record
SF:lib/domain/entities/schedule_entity.dart
DA:20,2
DA:34,0
DA:36,0
DA:37,0
DA:38,0
DA:39,0
DA:40,0
DA:41,0
DA:42,0
DA:43,0
DA:44,0
DA:45,0
DA:46,0
DA:47,0
DA:48,0
DA:53,0
DA:54,0
DA:55,0
DA:56,0
DA:57,0
DA:58,0
DA:59,0
DA:60,0
DA:61,0
DA:62,0
DA:63,0
DA:64,0
DA:68,0
DA:69,0
DA:70,0
DA:71,0
DA:75,0
DA:77,0
DA:80,1
DA:84,0
DA:87,1
DA:89,2
DA:92,0
DA:93,0
DA:94,0
DA:95,0
DA:96,0
DA:97,0
DA:98,0
DA:99,0
DA:100,0
DA:101,0
DA:102,0
DA:103,0
DA:104,0
LF:50
LH:4
end_of_record
SF:lib/core/dio/app_dio.dart
DA:11,0
DA:12,0
DA:13,0
DA:14,0
DA:22,0
DA:27,0
LF:6
LH:0
end_of_record
SF:lib/data/data_sources/preparation_local_data_source.dart
DA:27,0
DA:29,0
DA:32,0
DA:33,0
DA:36,0
DA:39,0
DA:40,0
DA:43,0
DA:46,0
DA:47,0
DA:50,0
DA:53,0
DA:54,0
DA:57,0
DA:60,0
DA:61,0
DA:64,0
DA:66,0
DA:68,0
DA:69,0
DA:72,0
DA:73,0
DA:77,0
DA:80,0
DA:82,0
DA:83,0
DA:86,0
DA:87,0
LF:28
LH:0
end_of_record
SF:lib/data/data_sources/preparation_remote_data_source.dart
DA:33,1
DA:35,1
DA:40,1
DA:41,1
DA:43,2
DA:44,1
DA:45,4
DA:48,2
DA:49,1
DA:56,1
DA:60,2
DA:61,1
DA:62,1
DA:65,2
DA:66,1
DA:73,1
DA:77,2
DA:78,1
DA:81,2
DA:82,0
DA:83,0
DA:85,0
DA:87,0
DA:89,1
DA:96,0
DA:99,0
DA:101,0
DA:102,0
DA:103,0
DA:105,0
DA:107,0
DA:109,0
DA:116,0
DA:121,0
DA:122,0
DA:124,0
DA:125,0
DA:126,0
DA:129,0
DA:130,0
DA:137,0
DA:142,0
DA:143,0
DA:145,0
DA:146,0
DA:147,0
DA:150,0
DA:151,0
LF:48
LH:20
end_of_record
SF:lib/data/data_sources/schedule_local_data_source.dart
DA:22,0
DA:26,0
DA:28,0
DA:29,0
DA:32,0
DA:34,0
DA:35,0
DA:38,0
DA:41,0
DA:42,0
DA:45,0
DA:49,0
DA:51,0
DA:52,0
DA:55,0
DA:57,0
DA:58,0
LF:17
LH:0
end_of_record
SF:lib/data/models/create_defualt_preparation_request_model.dart
DA:13,2
DA:19,0
DA:21,0
DA:23,1
DA:24,1
DA:26,2
DA:30,2
DA:31,4
DA:33,2
DA:34,6
DA:35,2
LF:11
LH:9
end_of_record
SF:lib/data/models/create_defualt_preparation_request_model.g.dart
DA:9,0
DA:11,0
DA:12,0
DA:13,0
DA:14,0
DA:15,0
DA:17,0
DA:20,1
DA:22,1
DA:23,1
DA:24,1
DA:25,1
LF:12
LH:5
end_of_record
SF:lib/data/data_sources/authentication_remote_data_source.dart
DA:30,0
DA:32,0
DA:36,0
DA:37,0
DA:38,0
DA:43,0
DA:44,0
DA:45,0
DA:46,0
DA:48,0
DA:55,0
DA:59,0
DA:60,0
DA:61,0
DA:67,0
DA:68,0
DA:69,0
DA:70,0
DA:72,0
DA:79,0
DA:83,0
DA:84,0
DA:85,0
DA:87,0
DA:88,0
DA:89,0
DA:90,0
DA:92,0
DA:99,0
DA:103,0
DA:104,0
DA:105,0
DA:107,0
DA:108,0
DA:109,0
DA:110,0
DA:112,0
DA:119,0
DA:122,0
DA:123,0
DA:124,0
DA:125,0
DA:127,0
LF:43
LH:0
end_of_record
SF:lib/data/data_sources/notification_remote_data_source.dart
DA:14,0
DA:16,0
DA:19,0
DA:20,0
DA:21,0
DA:24,0
DA:25,0
LF:7
LH:0
end_of_record
SF:lib/data/data_sources/preparation_with_time_local_data_source.dart
DA:20,0
DA:23,0
DA:24,0
DA:26,0
DA:27,0
DA:28,0
DA:29,0
DA:30,0
DA:31,0
DA:32,0
DA:33,0
DA:34,0
DA:36,0
DA:39,0
DA:42,0
DA:44,0
DA:45,0
DA:46,0
DA:49,0
DA:50,0
DA:52,0
DA:54,0
DA:55,0
DA:56,0
DA:57,0
DA:58,0
DA:59,0
DA:60,0
DA:62,0
DA:64,0
DA:67,0
DA:69,0
DA:70,0
DA:71,0
LF:34
LH:0
end_of_record
SF:lib/data/data_sources/token_local_data_source.dart
DA:22,0
DA:24,0
DA:25,0
DA:28,0
DA:31,0
DA:32,0
DA:33,0
DA:36,0
DA:40,0
DA:42,0
DA:43,0
DA:46,0
DA:48,0
LF:13
LH:0
end_of_record
SF:lib/data/repositories/preparation_repository_impl.dart
DA:17,1
DA:22,0
DA:28,0
DA:29,0
DA:38,0
DA:42,0
DA:49,0
DA:53,0
DA:54,0
DA:61,0
DA:65,0
DA:72,1
DA:76,1
DA:77,1
DA:84,0
DA:88,0
LF:16
LH:4
end_of_record
SF:lib/data/repositories/schedule_repository_impl.dart
DA:16,1
DA:17,1
DA:21,1
DA:26,0
DA:28,0
DA:30,1
DA:33,2
DA:35,1
DA:36,5
DA:42,1
DA:45,2
DA:47,1
DA:48,5
DA:54,1
DA:57,2
DA:58,1
DA:59,5
DA:66,1
DA:71,2
DA:72,1
DA:73,5
DA:80,1
DA:83,2
DA:84,5
DA:85,1
DA:86,1
DA:93,0
DA:96,0
LF:28
LH:24
end_of_record
SF:lib/data/repositories/timed_preparation_repository_impl.dart
DA:10,0
DA:12,0
DA:14,0
DA:17,0
DA:19,0
DA:22,0
DA:25,0
LF:7
LH:0
end_of_record
SF:lib/data/repositories/user_repository_impl.dart
DA:25,0
DA:26,0
DA:28,0
DA:31,0
DA:34,0
DA:35,0
DA:42,0
DA:46,0
DA:47,0
DA:48,0
DA:54,0
DA:61,0
DA:62,0
DA:63,0
DA:69,0
DA:71,0
DA:72,0
DA:75,0
DA:79,0
DA:80,0
DA:82,0
DA:85,0
DA:86,0
DA:87,0
DA:88,0
DA:89,0
DA:91,0
DA:94,0
DA:99,0
DA:107,0
DA:113,0
DA:114,0
DA:115,0
DA:116,0
DA:117,0
DA:119,0
DA:124,0
DA:126,0
LF:38
LH:0
end_of_record
SF:lib/domain/use-cases/create_custom_preparation_use_case.dart
DA:9,0
DA:11,0
DA:13,0
LF:3
LH:0
end_of_record
SF:lib/domain/use-cases/create_schedule_with_place_use_case.dart
DA:9,0
DA:11,0
DA:12,0
LF:3
LH:0
end_of_record
SF:lib/domain/use-cases/delete_schedule_use_case.dart
DA:9,0
DA:11,0
DA:12,0
LF:3
LH:0
end_of_record
SF:lib/domain/use-cases/finish_schedule_use_case.dart
DA:8,0
DA:10,0
DA:11,0
LF:3
LH:0
end_of_record
SF:lib/domain/use-cases/get_default_preparation_use_case.dart
DA:9,0
DA:11,0
DA:12,0
LF:3
LH:0
end_of_record
SF:lib/domain/use-cases/get_nearest_upcoming_schedule_use_case.dart
DA:18,0
DA:24,0
DA:25,0
DA:27,0
DA:30,0
DA:31,0
DA:32,0
DA:33,0
DA:37,0
DA:39,0
DA:46,0
DA:48,0
DA:50,0
LF:13
LH:0
end_of_record
SF:lib/domain/use-cases/get_preparation_by_schedule_id_use_case.dart
DA:9,0
DA:11,0
DA:12,0
LF:3
LH:0
end_of_record
SF:lib/domain/use-cases/get_schedule_by_id_use_case.dart
DA:9,0
DA:11,0
DA:12,0
LF:3
LH:0
end_of_record
SF:lib/domain/use-cases/get_schedules_by_date_use_case.dart
DA:9,0
DA:11,0
DA:13,0
DA:14,0
DA:16,0
DA:17,0
DA:18,0
DA:19,0
DA:21,0
LF:9
LH:0
end_of_record
SF:lib/domain/use-cases/load_schedules_for_month_use_case.dart
DA:8,0
DA:10,0
DA:11,0
DA:12,0
DA:14,0
LF:5
LH:0
end_of_record
SF:lib/domain/use-cases/load_schedules_for_week_use_case.dart
DA:7,0
DA:9,0
DA:10,0
DA:11,0
DA:13,0
LF:5
LH:0
end_of_record
SF:lib/domain/use-cases/load_user_use_case.dart
DA:8,0
DA:10,0
DA:11,0
LF:3
LH:0
end_of_record
SF:lib/domain/use-cases/onboard_use_case.dart
DA:11,0
DA:13,0
DA:17,0
DA:19,0
LF:4
LH:0
end_of_record
SF:lib/domain/use-cases/save_timed_preparation_use_case.dart
DA:9,0
DA:11,0
DA:12,0
LF:3
LH:0
end_of_record
SF:lib/domain/use-cases/sign_out_use_case.dart
DA:8,0
DA:10,0
DA:11,0
LF:3
LH:0
end_of_record
SF:lib/domain/use-cases/stream_user_use_case.dart
DA:9,0
DA:11,0
DA:12,0
LF:3
LH:0
end_of_record
SF:lib/domain/use-cases/update_default_preparation_use_case.dart
DA:9,0
DA:11,0
DA:12,0
LF:3
LH:0
end_of_record
SF:lib/domain/use-cases/update_preparation_by_schedule_id_use_case.dart
DA:9,0
DA:11,0
DA:13,0
LF:3
LH:0
end_of_record
SF:lib/domain/use-cases/update_schedule_use_case.dart
DA:9,0
DA:11,0
DA:12,0
LF:3
LH:0
end_of_record
SF:lib/presentation/app/bloc/auth/auth_state.dart
DA:10,0
DA:11,0
DA:12,0
DA:13,0
DA:16,0
DA:21,0
DA:29,0
DA:33,0
DA:34,0
DA:35,0
DA:39,0
DA:40,0
LF:12
LH:0
end_of_record
SF:lib/presentation/app/bloc/auth/auth_event.dart
DA:4,0
DA:8,0
DA:12,0
LF:3
LH:0
end_of_record
SF:lib/presentation/app/bloc/auth/auth_bloc.dart
DA:17,0
DA:19,0
DA:20,0
DA:21,0
DA:30,0
DA:34,0
DA:35,0
DA:36,0
DA:37,0
DA:38,0
DA:39,0
DA:41,0
DA:42,0
DA:45,0
DA:49,0
DA:50,0
DA:51,0
DA:54,0
DA:58,0
DA:62,0
DA:65,0
DA:67,0
DA:68,0
LF:23
LH:0
end_of_record
SF:lib/presentation/app/bloc/schedule/schedule_event.dart
DA:4,8
DA:6,0
DA:7,0
DA:11,4
DA:13,0
DA:14,0
DA:20,0
DA:24,0
DA:25,0
DA:29,4
DA:31,0
DA:32,0
DA:36,0
DA:38,0
DA:39,0
DA:45,0
DA:47,0
DA:48,0
DA:52,0
DA:58,0
DA:60,0
DA:61,0
LF:22
LH:3
end_of_record
SF:lib/presentation/app/bloc/schedule/schedule_state.dart
DA:12,4
DA:17,4
DA:19,4
DA:21,0
DA:22,0
DA:24,0
DA:25,0
DA:27,0
DA:28,0
DA:33,0
DA:37,0
DA:38,0
DA:39,0
DA:43,0
DA:44,0
DA:45,0
DA:46,0
DA:47,0
DA:48,0
DA:51,0
DA:52,0
LF:21
LH:3
end_of_record
SF:lib/presentation/app/bloc/schedule/schedule_bloc.dart
DA:18,0
DA:20,0
DA:21,0
DA:22,0
DA:23,0
DA:24,0
DA:25,0
DA:26,0
DA:39,0
DA:41,0
DA:43,0
DA:44,0
DA:46,0
DA:47,0
DA:52,0
DA:55,0
DA:56,0
DA:58,0
DA:59,0
DA:60,0
DA:61,0
DA:62,0
DA:63,0
DA:64,0
DA:65,0
DA:66,0
DA:68,0
DA:69,0
DA:70,0
DA:71,0
DA:75,0
DA:78,0
DA:80,0
DA:81,0
DA:82,0
DA:83,0
DA:87,0
DA:88,0
DA:90,0
DA:91,0
DA:94,0
DA:95,0
DA:97,0
DA:100,0
DA:102,0
DA:103,0
DA:104,0
DA:106,0
DA:107,0
DA:108,0
DA:111,0
DA:113,0
DA:114,0
DA:116,0
DA:118,0
DA:119,0
DA:120,0
DA:122,0
DA:126,0
DA:127,0
DA:129,0
DA:131,0
DA:132,0
DA:137,0
DA:138,0
DA:139,0
DA:141,0
DA:142,0
DA:143,0
DA:144,0
DA:145,0
DA:146,0
DA:150,0
DA:153,0
DA:154,0
DA:155,0
DA:156,0
DA:159,0
DA:160,0
DA:161,0
DA:162,0
LF:81
LH:0
end_of_record
SF:lib/presentation/calendar/bloc/monthly_schedules_event.dart
DA:4,0
DA:6,0
DA:7,0
DA:14,0
DA:16,0
DA:17,0
DA:19,0
DA:20,0
DA:26,0
DA:28,0
DA:29,0
DA:31,0
DA:32,0
DA:38,0
DA:40,0
DA:41,0
LF:16
LH:0
end_of_record
SF:lib/presentation/calendar/bloc/monthly_schedules_state.dart
DA:6,0
DA:19,0
DA:26,0
DA:27,0
DA:28,0
DA:30,0
DA:31,0
DA:32,0
DA:33,0
DA:37,0
DA:39,0
LF:11
LH:0
end_of_record
SF:lib/presentation/calendar/bloc/monthly_schedules_bloc.dart
DA:16,0
DA:20,0
DA:21,0
DA:22,0
DA:23,0
DA:30,0
DA:34,0
DA:36,0
DA:38,0
DA:39,0
DA:40,0
DA:41,0
DA:42,0
DA:43,0
DA:44,0
DA:45,0
DA:46,0
DA:47,0
DA:48,0
DA:50,0
DA:51,0
DA:53,0
DA:58,0
DA:59,0
DA:61,0
DA:62,0
DA:67,0
DA:73,0
DA:74,0
DA:76,0
DA:77,0
DA:78,0
DA:79,0
DA:80,0
DA:82,0
DA:88,0
DA:89,0
DA:90,0
DA:91,0
DA:92,0
DA:93,0
DA:95,0
DA:96,0
DA:97,0
DA:98,0
DA:99,0
DA:102,0
DA:105,0
DA:106,0
DA:107,0
DA:108,0
DA:109,0
DA:110,0
DA:111,0
DA:112,0
DA:113,0
DA:114,0
DA:115,0
DA:116,0
DA:117,0
DA:119,0
DA:120,0
DA:122,0
DA:127,0
DA:128,0
DA:131,0
DA:132,0
DA:133,0
DA:139,0
DA:144,0
DA:145,0
DA:147,0
DA:149,0
DA:150,0
LF:74
LH:0
end_of_record
SF:lib/presentation/early_late/bloc/early_late_screen_event.dart
DA:4,0
DA:6,0
DA:7,0
DA:13,0
DA:15,0
DA:16,0
DA:22,0
DA:24,0
DA:25,0
DA:31,0
DA:33,0
DA:34,0
LF:12
LH:0
end_of_record
SF:lib/presentation/early_late/bloc/early_late_screen_bloc.dart
DA:12,0
DA:13,0
DA:14,0
DA:15,0
DA:18,0
DA:20,0
DA:21,0
DA:22,0
DA:25,0
DA:26,0
DA:28,0
DA:29,0
DA:31,0
DA:32,0
DA:36,0
DA:38,0
DA:39,0
DA:40,0
DA:41,0
DA:42,0
DA:43,0
DA:44,0
DA:49,0
DA:51,0
DA:52,0
DA:53,0
DA:54,0
DA:56,0
DA:58,0
DA:59,0
DA:60,0
LF:31
LH:0
end_of_record
SF:lib/presentation/early_late/bloc/early_late_screen_state.dart
DA:4,0
DA:6,0
DA:7,0
DA:18,0
DA:25,0
DA:26,0
DA:27,0
DA:28,0
DA:29,0
DA:30,0
LF:10
LH:0
end_of_record
SF:lib/presentation/home/bloc/weekly_schedules_state.dart
DA:6,0
DA:12,0
DA:13,0
DA:14,0
DA:15,0
DA:16,0
DA:17,0
DA:18,0
DA:19,0
DA:21,0
DA:22,0
DA:24,0
DA:28,0
DA:29,0
DA:30,0
DA:34,0
DA:35,0
DA:36,0
DA:37,0
LF:19
LH:0
end_of_record
SF:lib/presentation/home/bloc/weekly_schedules_event.dart
DA:4,0
DA:6,0
DA:7,0
DA:13,0
DA:15,0
DA:16,0
DA:18,0
DA:19,0
LF:8
LH:0
end_of_record
SF:lib/presentation/home/bloc/weekly_schedules_bloc.dart
DA:15,0
DA:18,0
DA:19,0
DA:20,0
DA:21,0
DA:23,0
DA:25,0
DA:26,0
DA:27,0
DA:28,0
DA:29,0
DA:31,0
DA:32,0
LF:13
LH:0
end_of_record
SF:lib/presentation/my_page/preparation_spare_time_edit/bloc/default_preparation_spare_time_form_event.dart
DA:4,0
DA:6,0
DA:7,0
DA:11,0
DA:14,0
DA:15,0
DA:19,0
DA:21,0
DA:22,0
DA:26,0
DA:28,0
DA:29,0
DA:33,0
DA:37,0
DA:38,0
LF:15
LH:0
end_of_record
SF:lib/presentation/my_page/preparation_spare_time_edit/bloc/default_preparation_spare_time_form_state.dart
DA:11,0
DA:20,0
DA:21,0
DA:23,0
DA:28,0
DA:29,0
DA:30,0
DA:31,0
LF:8
LH:0
end_of_record
SF:lib/presentation/my_page/preparation_spare_time_edit/bloc/default_preparation_spare_time_form_bloc.dart
DA:15,0
DA:18,0
DA:19,0
DA:20,0
DA:21,0
DA:22,0
DA:30,0
DA:32,0
DA:36,0
DA:38,0
DA:41,0
DA:45,0
DA:47,0
DA:48,0
DA:50,0
DA:55,0
DA:57,0
DA:58,0
DA:60,0
DA:61,0
DA:67,0
DA:69,0
DA:70,0
DA:76,0
DA:81,0
DA:82,0
DA:83,0
DA:84,0
DA:87,0
DA:91,0
LF:30
LH:0
end_of_record
SF:lib/presentation/onboarding/cubit/onboarding_state.dart
DA:4,0
DA:14,0
DA:20,0
DA:21,0
DA:22,0
DA:23,0
DA:24,0
DA:28,0
DA:29,0
DA:30,0
DA:31,0
DA:32,0
DA:33,0
DA:34,0
DA:35,0
DA:37,0
DA:41,0
DA:42,0
DA:46,0
DA:58,0
DA:64,0
DA:65,0
DA:66,0
DA:67,0
DA:68,0
DA:70,0
DA:74,0
DA:76,0
LF:28
LH:0
end_of_record
SF:lib/presentation/onboarding/cubit/onboarding_cubit.dart
DA:12,0
DA:14,0
DA:18,0
DA:19,0
DA:20,0
DA:21,0
DA:22,0
DA:26,0
DA:30,0
DA:34,0
DA:37,0
LF:11
LH:0
end_of_record
SF:lib/presentation/schedule_create/bloc/schedule_form_event.dart
DA:4,0
DA:6,0
DA:7,0
DA:13,0
DA:15,0
DA:16,0
DA:20,0
DA:26,0
DA:28,0
DA:29,0
DA:36,0
DA:39,0
DA:40,0
DA:46,0
DA:48,0
DA:49,0
DA:55,0
DA:57,0
DA:58,0
DA:64,0
DA:66,0
DA:67,0
DA:73,0
DA:75,0
DA:76,0
DA:80,0
DA:84,0
DA:90,0
DA:92,0
DA:93,0
LF:30
LH:0
end_of_record
SF:lib/presentation/schedule_create/bloc/schedule_form_bloc.dart
DA:21,0
DA:29,0
DA:30,0
DA:31,0
DA:32,0
DA:33,0
DA:34,0
DA:35,0
DA:36,0
DA:37,0
DA:38,0
DA:39,0
DA:40,0
DA:52,0
DA:56,0
DA:61,0
DA:64,0
DA:66,0
DA:68,0
DA:69,0
DA:70,0
DA:71,0
DA:72,0
DA:73,0
DA:76,0
DA:77,0
DA:82,0
DA:86,0
DA:91,0
DA:93,0
DA:95,0
DA:107,0
DA:111,0
DA:114,0
DA:118,0
DA:119,0
DA:120,0
DA:121,0
DA:122,0
DA:123,0
DA:124,0
DA:129,0
DA:133,0
DA:136,0
DA:140,0
DA:143,0
DA:147,0
DA:150,0
DA:155,0
DA:162,0
DA:163,0
DA:168,0
DA:172,0
DA:173,0
DA:174,0
DA:175,0
DA:176,0
DA:180,0
DA:184,0
DA:185,0
DA:186,0
DA:187,0
DA:188,0
DA:192,0
DA:194,0
LF:65
LH:0
end_of_record
SF:lib/presentation/schedule_create/bloc/schedule_form_state.dart
DA:20,0
DA:32,0
DA:34,0
DA:47,0
DA:48,0
DA:49,0
DA:50,0
DA:51,0
DA:52,0
DA:53,0
DA:54,0
DA:55,0
DA:56,0
DA:57,0
DA:58,0
DA:62,0
DA:63,0
DA:64,0
DA:65,0
DA:69,0
DA:70,0
DA:71,0
DA:72,0
DA:73,0
DA:74,0
DA:75,0
DA:76,0
DA:77,0
DA:78,0
DA:83,0
DA:84,0
DA:85,0
DA:86,0
DA:87,0
DA:88,0
DA:89,0
DA:90,0
DA:91,0
DA:92,0
DA:93,0
DA:94,0
LF:41
LH:0
end_of_record
SF:lib/presentation/schedule_create/schedule_spare_and_preparing_time/preparation_form/bloc/preparation_form_event.dart
DA:4,0
DA:6,0
DA:7,0
DA:13,0
DA:15,0
DA:16,0
DA:22,0
DA:24,0
DA:25,0
DA:31,0
DA:34,0
DA:35,0
DA:43,0
DA:46,0
DA:47,0
DA:55,0
DA:58,0
DA:59,0
DA:67,0
DA:70,0
DA:71,0
DA:76,0
LF:22
LH:0
end_of_record
SF:lib/presentation/schedule_create/schedule_spare_and_preparing_time/preparation_form/bloc/preparation_form_state.dart
DA:6,0
DA:12,0
DA:13,0
DA:16,0
DA:17,0
DA:18,0
DA:19,0
DA:20,0
DA:21,0
DA:22,0
DA:23,0
DA:24,0
DA:25,0
DA:26,0
DA:27,0
DA:28,0
DA:35,0
DA:37,0
DA:41,0
DA:42,0
DA:43,0
DA:44,0
DA:45,0
DA:46,0
DA:47,0
DA:48,0
DA:51,0
DA:52,0
DA:59,0
DA:64,0
DA:65,0
DA:66,0
DA:67,0
DA:71,0
DA:72,0
DA:73,0
DA:74,0
DA:75,0
LF:38
LH:0
end_of_record
SF:lib/presentation/schedule_create/schedule_spare_and_preparing_time/preparation_form/bloc/preparation_form_bloc.dart
DA:20,0
DA:21,0
DA:22,0
DA:23,0
DA:24,0
DA:25,0
DA:26,0
DA:27,0
DA:28,0
DA:29,0
DA:30,0
DA:31,0
DA:32,0
DA:33,0
DA:36,0
DA:41,0
DA:42,0
DA:43,0
DA:45,0
DA:50,0
DA:54,0
DA:56,0
DA:57,0
DA:58,0
DA:59,0
DA:62,0
DA:64,0
DA:65,0
DA:73,0
DA:78,0
DA:79,0
DA:81,0
DA:86,0
DA:91,0
DA:92,0
DA:94,0
DA:97,0
DA:98,0
DA:104,0
DA:109,0
DA:110,0
DA:112,0
DA:114,0
DA:115,0
DA:121,0
DA:126,0
DA:127,0
DA:128,0
DA:129,0
DA:130,0
DA:133,0
DA:134,0
DA:136,0
DA:141,0
DA:142,0
DA:143,0
DA:144,0
DA:145,0
DA:146,0
DA:147,0
DA:151,0
DA:154,0
LF:62
LH:0
end_of_record
SF:lib/core/services/navigation_service.dart
DA:9,0
DA:10,0
LF:2
LH:0
end_of_record
SF:lib/core/di/di_setup.dart
DA:5,0
DA:7,0
DA:12,0
LF:3
LH:0
end_of_record
SF:lib/core/dio/adapters/mobile_adapter.dart
DA:4,0
DA:5,0
LF:2
LH:0
end_of_record
SF:lib/core/dio/interceptors/logger_interceptor.dart
DA:6,0
DA:8,0
DA:9,0
DA:10,0
DA:11,0
DA:12,0
DA:13,0
DA:14,0
DA:17,0
DA:19,0
DA:20,0
DA:21,0
DA:22,0
DA:24,0
DA:27,0
DA:32,0
DA:33,0
DA:34,0
DA:36,0
DA:38,0
DA:39,0
DA:40,0
DA:41,0
LF:23
LH:0
end_of_record
SF:lib/core/dio/interceptors/token_interceptor.dart
DA:9,0
DA:23,0
DA:27,0
DA:29,0
DA:31,0
DA:33,0
DA:36,0
DA:38,0
DA:41,0
DA:46,0
DA:48,0
DA:49,0
DA:52,0
DA:53,0
DA:56,0
DA:60,0
DA:69,0
DA:70,0
DA:71,0
DA:74,0
DA:75,0
DA:77,0
DA:80,0
DA:82,0
DA:84,0
DA:88,0
DA:89,0
DA:93,0
DA:97,0
DA:99,0
DA:100,0
DA:102,0
DA:104,0
DA:105,0
DA:106,0
DA:110,0
DA:111,0
DA:112,0
DA:114,0
DA:117,0
DA:121,0
DA:126,0
DA:128,0
LF:43
LH:0
end_of_record
SF:lib/core/dio/transformers/logging_transformer.dart
DA:11,0
DA:12,0
DA:14,0
DA:16,0
DA:18,0
DA:23,0
DA:26,0
LF:7
LH:0
end_of_record
SF:lib/data/models/get_user_response_model.dart
DA:16,0
DA:26,0
DA:27,0
DA:28,0
DA:29,0
DA:30,0
DA:31,0
DA:32,0
DA:33,0
DA:34,0
DA:38,0
DA:39,0
DA:41,0
LF:13
LH:0
end_of_record
SF:lib/data/models/get_user_response_model.g.dart
DA:9,0
DA:11,0
DA:12,0
DA:13,0
DA:14,0
DA:15,0
DA:16,0
DA:17,0
DA:18,0
DA:21,0
DA:23,0
DA:24,0
DA:25,0
DA:26,0
DA:27,0
DA:28,0
DA:29,0
DA:30,0
LF:18
LH:0
end_of_record
SF:lib/data/models/sign_in_user_response_model.dart
DA:16,0
DA:26,0
DA:27,0
DA:28,0
DA:29,0
DA:30,0
DA:31,0
DA:32,0
DA:33,0
DA:34,0
DA:38,0
DA:39,0
DA:41,0
LF:13
LH:0
end_of_record
SF:lib/data/models/sign_in_user_response_model.g.dart
DA:9,0
DA:11,0
DA:12,0
DA:13,0
DA:14,0
DA:15,0
DA:16,0
DA:17,0
DA:18,0
DA:21,0
DA:23,0
DA:24,0
DA:25,0
DA:26,0
DA:27,0
DA:28,0
DA:29,0
DA:30,0
LF:18
LH:0
end_of_record
SF:lib/data/models/sign_in_with_google_request_model.dart
DA:9,0
DA:13,0
DA:14,0
DA:15,0
LF:4
LH:0
end_of_record
SF:lib/data/models/sign_in_with_google_request_model.g.dart
DA:9,0
DA:11,0
DA:12,0
DA:15,0
DA:17,0
DA:18,0
LF:6
LH:0
end_of_record
SF:lib/data/models/sign_in_with_apple_request_model.dart
DA:12,0
DA:19,0
DA:20,0
DA:21,0
DA:22,0
DA:23,0
DA:25,0
DA:26,0
LF:8
LH:0
end_of_record
SF:lib/data/models/sign_in_with_apple_request_model.g.dart
DA:9,0
DA:11,0
DA:12,0
DA:13,0
DA:14,0
DA:15,0
DA:18,0
DA:20,0
DA:21,0
DA:22,0
DA:23,0
DA:24,0
LF:12
LH:0
end_of_record
SF:lib/domain/entities/token_entity.dart
DA:8,0
DA:13,0
DA:14,0
DA:15,0
DA:16,0
DA:20,0
DA:21,0
LF:7
LH:0
end_of_record
SF:lib/data/models/fcm_token_register_request_model.dart
DA:9,0
DA:13,0
DA:14,0
DA:15,0
LF:4
LH:0
end_of_record
SF:lib/data/models/fcm_token_register_request_model.g.dart
DA:9,0
DA:11,0
DA:12,0
DA:15,0
DA:17,0
DA:18,0
LF:6
LH:0
end_of_record
SF:lib/data/models/update_preparation_schedule_request_model.dart
DA:14,0
DA:21,0
DA:23,0
DA:25,0
DA:26,0
DA:28,0
DA:30,0
DA:31,0
DA:32,0
DA:33,0
DA:34,0
DA:38,0
DA:39,0
DA:40,0
DA:41,0
DA:42,0
DA:43,0
DA:50,0
DA:51,0
DA:54,0
DA:57,0
DA:58,0
DA:59,0
LF:23
LH:0
end_of_record
SF:lib/data/models/update_preparation_schedule_request_model.g.dart
DA:9,0
DA:12,0
DA:13,0
DA:14,0
DA:15,0
DA:16,0
DA:19,0
DA:21,0
DA:22,0
DA:23,0
DA:24,0
DA:25,0
LF:12
LH:0
end_of_record
SF:lib/data/models/update_preparation_user_request_model.dart
DA:14,0
DA:21,0
DA:23,0
DA:25,0
DA:26,0
DA:28,0
DA:30,0
DA:31,0
DA:32,0
DA:33,0
DA:34,0
DA:38,0
DA:39,0
DA:40,0
DA:41,0
DA:42,0
DA:43,0
DA:50,0
DA:51,0
DA:54,0
DA:57,0
DA:58,0
LF:22
LH:0
end_of_record
SF:lib/data/models/update_preparation_user_request_model.g.dart
DA:9,0
DA:11,0
DA:12,0
DA:13,0
DA:14,0
DA:15,0
DA:18,0
DA:20,0
DA:21,0
DA:22,0
DA:23,0
DA:24,0
LF:12
LH:0
end_of_record
SF:lib/data/models/create_preparation_schedule_request_model.dart
DA:14,1
DA:21,0
DA:23,0
DA:25,1
DA:26,1
DA:28,1
DA:30,1
DA:31,1
DA:32,1
DA:33,2
DA:34,1
DA:38,0
DA:39,0
DA:40,0
DA:41,0
DA:42,0
DA:43,0
DA:50,0
DA:51,0
DA:54,1
DA:57,2
DA:58,1
DA:59,1
LF:23
LH:13
end_of_record
SF:lib/data/models/create_preparation_schedule_request_model.g.dart
DA:9,0
DA:12,0
DA:13,0
DA:14,0
DA:15,0
DA:16,0
DA:19,1
DA:21,1
DA:22,1
DA:23,1
DA:24,1
DA:25,1
LF:12
LH:6
end_of_record
SF:lib/data/models/get_preparation_step_response_model.dart
DA:15,0
DA:22,0
DA:23,0
DA:25,0
DA:26,0
DA:28,0
DA:29,0
DA:30,0
DA:31,0
DA:32,0
DA:33,0
DA:37,0
DA:39,0
DA:40,0
DA:41,0
DA:42,0
DA:43,0
DA:50,0
DA:51,0
DA:52,0
LF:20
LH:0
end_of_record
SF:lib/data/models/get_preparation_step_response_model.g.dart
DA:9,0
DA:11,0
DA:12,0
DA:13,0
DA:14,0
DA:15,0
DA:18,0
DA:20,0
DA:21,0
DA:22,0
DA:23,0
DA:24,0
LF:12
LH:0
end_of_record
SF:lib/domain/entities/preparation_with_time_entity.dart
DA:7,0
DA:9,0
DA:11,0
DA:13,0
DA:14,0
DA:15,0
DA:16,0
DA:17,0
DA:18,0
DA:19,0
DA:20,0
DA:23,0
DA:27,0
DA:30,0
DA:31,0
DA:35,0
DA:37,0
DA:39,0
DA:40,0
DA:41,0
DA:49,0
DA:50,0
DA:53,0
DA:54,0
DA:57,0
DA:58,0
DA:59,0
DA:60,0
DA:64,0
DA:65,0
DA:66,0
DA:67,0
DA:71,0
DA:72,0
DA:73,0
DA:77,0
DA:78,0
DA:80,0
DA:81,0
DA:85,0
DA:86,0
DA:87,0
DA:88,0
DA:89,0
DA:94,0
DA:95,0
DA:96,0
DA:97,0
DA:101,0
DA:102,0
DA:104,0
DA:105,0
DA:106,0
DA:107,0
DA:111,0
DA:114,0
DA:122,0
DA:123,0
DA:130,0
DA:133,0
DA:136,0
DA:137,0
DA:138,0
DA:139,0
DA:140,0
DA:144,0
DA:146,0
DA:148,0
DA:149,0
DA:152,0
DA:153,0
DA:156,0
DA:157,0
DA:158,0
DA:164,0
DA:167,0
DA:168,0
DA:173,0
DA:176,0
DA:177,0
DA:178,0
DA:179,0
DA:180,0
DA:184,0
DA:186,0
DA:189,0
DA:190,0
LF:87
LH:0
end_of_record
SF:lib/domain/entities/preparation_step_with_time_entity.dart
DA:7,0
DA:16,0
DA:25,0
DA:26,0
DA:27,0
DA:28,0
DA:29,0
DA:30,0
DA:31,0
DA:35,0
DA:36,0
DA:37,0
DA:38,0
DA:44,0
DA:46,0
DA:49,0
DA:50,0
DA:51,0
DA:52,0
DA:53,0
DA:54,0
DA:55,0
DA:56,0
LF:23
LH:0
end_of_record
SF:lib/data/models/get_schedule_response_model.dart
DA:19,0
DA:31,0
DA:32,0
DA:33,0
DA:34,0
DA:35,0
DA:36,0
DA:37,0
DA:40,0
DA:41,0
DA:42,0
DA:43,0
DA:47,0
DA:48,0
DA:50,0
DA:53,0
DA:55,0
DA:57,0
DA:59,0
LF:19
LH:0
end_of_record
SF:lib/data/models/get_schedule_response_model.g.dart
DA:9,0
DA:11,0
DA:12,0
DA:14,0
DA:15,0
DA:16,0
DA:17,0
DA:18,0
DA:19,0
DA:20,0
DA:21,0
DA:24,0
DA:26,0
DA:27,0
DA:28,0
DA:29,0
DA:30,0
DA:31,0
DA:32,0
DA:33,0
DA:34,0
DA:35,0
LF:22
LH:0
end_of_record
SF:lib/data/models/create_preparation_step_request_model.dart
DA:14,2
DA:21,0
DA:23,0
DA:25,0
DA:26,0
DA:28,2
DA:30,2
DA:31,2
DA:32,2
DA:33,4
DA:34,2
DA:38,0
DA:39,0
DA:40,0
DA:41,0
DA:42,0
DA:43,0
LF:17
LH:7
end_of_record
SF:lib/data/models/create_preparation_step_request_model.g.dart
DA:9,0
DA:11,0
DA:12,0
DA:13,0
DA:14,0
DA:15,0
DA:18,0
DA:20,0
DA:21,0
DA:22,0
DA:23,0
DA:24,0
LF:12
LH:0
end_of_record
SF:lib/data/models/get_place_response_model.dart
DA:11,0
DA:16,0
DA:17,0
DA:19,0
DA:21,0
DA:22,0
DA:23,0
DA:24,0
DA:28,0
DA:29,0
DA:30,0
DA:31,0
LF:12
LH:0
end_of_record
SF:lib/data/models/get_place_response_model.g.dart
DA:9,0
DA:11,0
DA:12,0
DA:13,0
DA:16,0
DA:18,0
DA:19,0
DA:20,0
LF:8
LH:0
end_of_record
SF:lib/domain/entities/schedule_with_preparation_entity.dart
DA:7,0
DA:21,0
DA:22,0
DA:23,0
DA:24,0
DA:27,0
DA:30,0
DA:31,0
DA:32,0
DA:33,0
DA:38,0
DA:39,0
DA:42,0
DA:44,0
DA:45,0
DA:46,0
DA:47,0
DA:48,0
DA:49,0
DA:50,0
DA:51,0
DA:52,0
DA:53,0
DA:58,0
DA:59,0
DA:60,0
DA:61,0
DA:62,0
DA:63,0
DA:64,0
DA:65,0
DA:66,0
DA:67,0
DA:68,0
DA:69,0
LF:35
LH:0
end_of_record
SF:lib/presentation/shared/constants/early_late_text_images.dart
DA:23,0
DA:24,0
DA:25,0
DA:26,0
DA:28,0
DA:29,0
DA:30,0
DA:31,0
DA:36,0
DA:37,0
DA:38,0
DA:40,0
DA:41,0
DA:42,0
DA:44,0
DA:45,0
DA:46,0
DA:51,0
DA:52,0
DA:53,0
DA:55,0
DA:56,0
DA:59,0
DA:61,0
DA:62,0
DA:63,0
DA:71,0
DA:72,0
DA:73,0
DA:77,0
DA:79,0
DA:80,0
DA:81,0
DA:83,0
DA:87,0
DA:88,0
DA:89,0
DA:90,0
DA:91,0
DA:94,0
DA:101,0
DA:102,0
DA:103,0
DA:104,0
DA:106,0
LF:45
LH:0
end_of_record
SF:lib/presentation/onboarding/preparation_name_select/input_models/preparation_name_input_model.dart
DA:10,4
DA:11,0
DA:13,0
DA:15,0
LF:4
LH:1
end_of_record
SF:lib/presentation/onboarding/preparation_time/input_models/preparation_time_input_model.dart
DA:10,4
DA:11,0
DA:12,0
DA:13,0
DA:15,0
DA:17,0
LF:6
LH:1
end_of_record
SF:lib/presentation/schedule_create/schedule_spare_and_preparing_time/preparation_form/cubit/preparation_step_form_cubit.dart
DA:11,0
DA:18,0
DA:19,0
DA:20,0
DA:21,0
DA:24,0
DA:25,0
DA:26,0
DA:27,0
DA:30,0
DA:31,0
DA:32,0
LF:12
LH:0
end_of_record
SF:lib/presentation/schedule_create/schedule_spare_and_preparing_time/preparation_form/cubit/preparation_step_form_state.dart
DA:4,0
DA:9,0
DA:16,0
DA:22,0
DA:23,0
DA:24,0
DA:25,0
DA:26,0
DA:30,0
DA:31,0
LF:10
LH:0
end_of_record
